Using pre-set license
Built from '2020.3/staging' branch; Version is '2020.3.32f1 (12f8b0834f07) revision 1243312'; Using compiler version '192528614'; Build Type 'Release'
OS: 'Windows 10  (10.0.19042) 64bit Professional' Language: 'en' Physical Memory: 32689 MB
BatchMode: 1, IsHumanControllingUs: 0, StartBugReporterOnCrash: 0, Is64bit: 1, IsPro: 0

COMMAND LINE ARGUMENTS:
D:\Unity\2020.3.32f1\Editor\Unity.exe
-adb2
-batchMode
-noUpm
-name
AssetImportWorker0
-projectPath
D:/Libraries/Desktop/School/VGP142/VGP142L1_Smith_Nicholas
-logFile
Logs/AssetImportWorker0.log
-srvPort
53950
Successfully changed project path to: D:/Libraries/Desktop/School/VGP142/VGP142L1_Smith_Nicholas
D:/Libraries/Desktop/School/VGP142/VGP142L1_Smith_Nicholas
Using Asset Import Pipeline V2.
Refreshing native plugins compatible for Editor in 25.17 ms, found 2 plugins.
Preloading 0 native plugins for Editor in 0.00 ms.
Initialize engine version: 2020.3.32f1 (12f8b0834f07)
[Subsystems] Discovering subsystems at path D:/Unity/2020.3.32f1/Editor/Data/Resources/UnitySubsystems
[Subsystems] Discovering subsystems at path D:/Libraries/Desktop/School/VGP142/VGP142L1_Smith_Nicholas/Assets
GfxDevice: creating device client; threaded=0
Direct3D:
    Version:  Direct3D 11.0 [level 11.1]
    Renderer: NVIDIA GeForce RTX 3060 (ID=0x2503)
    Vendor:   
    VRAM:     12143 MB
    Driver:   30.0.14.7111
Initialize mono
Mono path[0] = 'D:/Unity/2020.3.32f1/Editor/Data/Managed'
Mono path[1] = 'D:/Unity/2020.3.32f1/Editor/Data/MonoBleedingEdge/lib/mono/unityjit'
Mono config path = 'D:/Unity/2020.3.32f1/Editor/Data/MonoBleedingEdge/etc'
Using monoOptions --debugger-agent=transport=dt_socket,embedding=1,server=y,suspend=n,address=127.0.0.1:56704
Begin MonoManager ReloadAssembly
Registering precompiled unity dll's ...
Register platform support module: D:/Unity/2020.3.32f1/Editor/Data/PlaybackEngines/WindowsStandaloneSupport/UnityEditor.WindowsStandalone.Extensions.dll
Registered in 0.000890 seconds.
Native extension for WindowsStandalone target not found
Refreshing native plugins compatible for Editor in 26.73 ms, found 2 plugins.
Preloading 0 native plugins for Editor in 0.00 ms.
Mono: successfully reloaded assembly
- Completed reload, in  0.449 seconds
Domain Reload Profiling:
	ReloadAssembly (450ms)
		BeginReloadAssembly (46ms)
			ExecutionOrderSort (0ms)
			DisableScriptedObjects (0ms)
			BackupInstance (0ms)
			ReleaseScriptingObjects (0ms)
			CreateAndSetChildDomain (1ms)
		EndReloadAssembly (348ms)
			LoadAssemblies (45ms)
			RebuildTransferFunctionScriptingTraits (0ms)
			SetupTypeCache (115ms)
			ReleaseScriptCaches (0ms)
			RebuildScriptCaches (25ms)
			SetupLoadedEditorAssemblies (131ms)
				LogAssemblyErrors (0ms)
				InitializePlatformSupportModulesInManaged (4ms)
				SetLoadedEditorAssemblies (0ms)
				RefreshPlugins (27ms)
				BeforeProcessingInitializeOnLoad (14ms)
				ProcessInitializeOnLoadAttributes (64ms)
				ProcessInitializeOnLoadMethodAttributes (22ms)
				AfterProcessingInitializeOnLoad (0ms)
				EditorAssembliesLoaded (0ms)
			ExecutionOrderSort2 (0ms)
			AwakeInstancesAfterBackupRestoration (0ms)
Platform modules already initialized, skipping
Registering precompiled user dll's ...
Registered in 0.001616 seconds.
Begin MonoManager ReloadAssembly
Native extension for WindowsStandalone target not found
Refreshing native plugins compatible for Editor in 0.33 ms, found 2 plugins.
Preloading 0 native plugins for Editor in 0.00 ms.
Mono: successfully reloaded assembly
- Completed reload, in  0.788 seconds
Domain Reload Profiling:
	ReloadAssembly (789ms)
		BeginReloadAssembly (125ms)
			ExecutionOrderSort (0ms)
			DisableScriptedObjects (4ms)
			BackupInstance (0ms)
			ReleaseScriptingObjects (0ms)
			CreateAndSetChildDomain (18ms)
		EndReloadAssembly (617ms)
			LoadAssemblies (71ms)
			RebuildTransferFunctionScriptingTraits (0ms)
			SetupTypeCache (208ms)
			ReleaseScriptCaches (0ms)
			RebuildScriptCaches (34ms)
			SetupLoadedEditorAssemblies (236ms)
				LogAssemblyErrors (0ms)
				InitializePlatformSupportModulesInManaged (3ms)
				SetLoadedEditorAssemblies (0ms)
				RefreshPlugins (0ms)
				BeforeProcessingInitializeOnLoad (58ms)
				ProcessInitializeOnLoadAttributes (164ms)
				ProcessInitializeOnLoadMethodAttributes (8ms)
				AfterProcessingInitializeOnLoad (2ms)
				EditorAssembliesLoaded (0ms)
			ExecutionOrderSort2 (0ms)
			AwakeInstancesAfterBackupRestoration (5ms)
Platform modules already initialized, skipping
========================================================================
Worker process is ready to serve import requests
Launched and connected shader compiler UnityShaderCompiler.exe after 0.05 seconds
Refreshing native plugins compatible for Editor in 0.46 ms, found 2 plugins.
Preloading 0 native plugins for Editor in 0.00 ms.
Unloading 1508 Unused Serialized files (Serialized files now loaded: 0)
System memory in use before: 81.6 MB.
System memory in use after: 81.7 MB.

Unloading 16 unused Assets to reduce memory usage. Loaded Objects now: 1965.
Total: 3.224300 ms (FindLiveObjects: 0.182600 ms CreateObjectMapping: 0.048000 ms MarkObjects: 2.905200 ms  DeleteObjects: 0.087500 ms)

AssetImportParameters requested are different than current active one (requested -> active):
  custom:framework-win-MediaFoundation: 216162199b28c13a410421893ffa2e32 -> 
  custom:video-decoder-ogg-theora: a1e56fd34408186e4bbccfd4996cb3dc -> 
  custom:container-muxer-webm: aa71ff27fc2769a1b78a27578f13a17b -> 
  custom:container-demuxer-webm: 4f35f7cbe854078d1ac9338744f61a02 -> 
  custom:container-demuxer-ogg: 62fdf1f143b41e24485cea50d1cbac27 -> 
  custom:video-encoder-webm-vp8: eb34c28f22e8b96e1ab97ce403110664 -> 
  custom:video-decoder-webm-vp8: 9c59270c3fd7afecdb556c50c9e8de78 -> 
  custom:audio-decoder-ogg-vorbis: bf7c407c2cedff20999df2af8eb42d56 -> 
  custom:audio-encoder-webm-vorbis: bf7c407c2cedff20999df2af8eb42d56 -> 
========================================================================
Received Import Request.
  path: Assets/Scenes/SampleScene.unity
  artifactKey: Guid(9fc0d4010bbf28b4594072e72b8655ab) Importer(815301076,1909f56bfc062723c751e8b465ee728b)
Start importing Assets/Scenes/SampleScene.unity using Guid(9fc0d4010bbf28b4594072e72b8655ab) Importer(815301076,1909f56bfc062723c751e8b465ee728b)  -> (artifact id: '83b2039e940a7703c06a6d4652c4bf67') in 0.005130 seconds 
========================================================================
Received Import Request.
  Time since last request: 5.002489 seconds.
  path: Assets/Darth_Artisan/Free_Trees/Scenes/DemoSettings.lighting
  artifactKey: Guid(de78dbfcb142e554d81eb0e91461076a) Importer(815301076,1909f56bfc062723c751e8b465ee728b)
Start importing Assets/Darth_Artisan/Free_Trees/Scenes/DemoSettings.lighting using Guid(de78dbfcb142e554d81eb0e91461076a) Importer(815301076,1909f56bfc062723c751e8b465ee728b) LightingSettings: switching bake backend from 1 to 0.
 -> (artifact id: '80f887eb6d16b4512a571ed534ad9a4d') in 0.027611 seconds 
========================================================================
Received Import Request.
  Time since last request: 112.602942 seconds.
  path: Assets/Darth_Artisan/Free_Trees/Textures
  artifactKey: Guid(05c318f3b28d946cea195fb1d77995fe) Importer(815301076,1909f56bfc062723c751e8b465ee728b)
Start importing Assets/Darth_Artisan/Free_Trees/Textures using Guid(05c318f3b28d946cea195fb1d77995fe) Importer(815301076,1909f56bfc062723c751e8b465ee728b)  -> (artifact id: 'e465a12146781a828560f2a466f50ac0') in 0.003441 seconds 
========================================================================
Received Import Request.
  Time since last request: 9.329485 seconds.
  path: Assets/Darth_Artisan
  artifactKey: Guid(1dda5fe30fd2a42bba9d51692a095c6b) Importer(815301076,1909f56bfc062723c751e8b465ee728b)
Start importing Assets/Darth_Artisan using Guid(1dda5fe30fd2a42bba9d51692a095c6b) Importer(815301076,1909f56bfc062723c751e8b465ee728b)  -> (artifact id: '04aa973e1bf7d551dce1c0c93d9df918') in 0.002294 seconds 
========================================================================
Received Import Request.
  Time since last request: 66.563461 seconds.
  path: Assets/Tree9/Tree9_2.prefab
  artifactKey: Guid(be878d9ea17907f4a8068678a5ce7908) Importer(815301076,1909f56bfc062723c751e8b465ee728b)
Start importing Assets/Tree9/Tree9_2.prefab using Guid(be878d9ea17907f4a8068678a5ce7908) Importer(815301076,1909f56bfc062723c751e8b465ee728b)  -> (artifact id: '05d82c3a7f41eb494aa7b7f901785282') in 0.129930 seconds 
========================================================================
Received Import Request.
  Time since last request: 0.758373 seconds.
  path: Assets/Tree9/Tree9_3.prefab
  artifactKey: Guid(8b2d47fdc2e25ac4f9721480a68bbefa) Importer(815301076,1909f56bfc062723c751e8b465ee728b)
Start importing Assets/Tree9/Tree9_3.prefab using Guid(8b2d47fdc2e25ac4f9721480a68bbefa) Importer(815301076,1909f56bfc062723c751e8b465ee728b)  -> (artifact id: 'b8654461c3fff260b758b6b6f258189e') in 0.021094 seconds 
========================================================================
Received Import Request.
  Time since last request: 0.797553 seconds.
  path: Assets/Tree9/Tree9_4.prefab
  artifactKey: Guid(956bd2acf7aae244dac8fc20cf57858d) Importer(815301076,1909f56bfc062723c751e8b465ee728b)
Start importing Assets/Tree9/Tree9_4.prefab using Guid(956bd2acf7aae244dac8fc20cf57858d) Importer(815301076,1909f56bfc062723c751e8b465ee728b)  -> (artifact id: '243e120f9cd99981812e7db9b1a9bd83') in 0.021348 seconds 
========================================================================
Received Import Request.
  Time since last request: 0.482244 seconds.
  path: Assets/Tree9/Tree9_5.prefab
  artifactKey: Guid(9b8fc966f95ea9c4194dc091fc40b478) Importer(815301076,1909f56bfc062723c751e8b465ee728b)
Start importing Assets/Tree9/Tree9_5.prefab using Guid(9b8fc966f95ea9c4194dc091fc40b478) Importer(815301076,1909f56bfc062723c751e8b465ee728b)  -> (artifact id: '2dd7cf15998e7dd48315ff93912056aa') in 0.023724 seconds 
========================================================================
Received Import Request.
  Time since last request: 0.490366 seconds.
  path: Assets/Tree9/Tree9_Leaf.fbx
  artifactKey: Guid(1de95aafaed1b594b88a317c6a6ac028) Importer(815301076,1909f56bfc062723c751e8b465ee728b)
Start importing Assets/Tree9/Tree9_Leaf.fbx using Guid(1de95aafaed1b594b88a317c6a6ac028) Importer(815301076,1909f56bfc062723c751e8b465ee728b)  -> (artifact id: '88a83274e2471c23aa1dd0dbcff81aec') in 0.131005 seconds 
========================================================================
Received Import Request.
  Time since last request: 308.741459 seconds.
  path: Assets/Tree9/Tree9_3.prefab
  artifactKey: Guid(8b2d47fdc2e25ac4f9721480a68bbefa) Importer(815301076,1909f56bfc062723c751e8b465ee728b)
Start importing Assets/Tree9/Tree9_3.prefab using Guid(8b2d47fdc2e25ac4f9721480a68bbefa) Importer(815301076,1909f56bfc062723c751e8b465ee728b)  -> (artifact id: 'dbcbdf2c8fb3350a6c3a41f87d03b00a') in 0.034869 seconds 
========================================================================
Received Import Request.
  Time since last request: 1.019188 seconds.
  path: Assets/Tree9/Tree9_4.prefab
  artifactKey: Guid(956bd2acf7aae244dac8fc20cf57858d) Importer(815301076,1909f56bfc062723c751e8b465ee728b)
Start importing Assets/Tree9/Tree9_4.prefab using Guid(956bd2acf7aae244dac8fc20cf57858d) Importer(815301076,1909f56bfc062723c751e8b465ee728b)  -> (artifact id: '5b22d0367919f583388e7ec5bc195499') in 0.021913 seconds 
========================================================================
Received Prepare
Registering precompiled user dll's ...
Registered in 0.001659 seconds.
Begin MonoManager ReloadAssembly
Native extension for WindowsStandalone target not found
Refreshing native plugins compatible for Editor in 0.58 ms, found 2 plugins.
Preloading 0 native plugins for Editor in 0.00 ms.
Mono: successfully reloaded assembly
- Completed reload, in  0.725 seconds
Domain Reload Profiling:
	ReloadAssembly (725ms)
		BeginReloadAssembly (94ms)
			ExecutionOrderSort (0ms)
			DisableScriptedObjects (3ms)
			BackupInstance (0ms)
			ReleaseScriptingObjects (0ms)
			CreateAndSetChildDomain (30ms)
		EndReloadAssembly (584ms)
			LoadAssemblies (70ms)
			RebuildTransferFunctionScriptingTraits (0ms)
			SetupTypeCache (209ms)
			ReleaseScriptCaches (1ms)
			RebuildScriptCaches (30ms)
			SetupLoadedEditorAssemblies (211ms)
				LogAssemblyErrors (0ms)
				InitializePlatformSupportModulesInManaged (4ms)
				SetLoadedEditorAssemblies (0ms)
				RefreshPlugins (1ms)
				BeforeProcessingInitializeOnLoad (55ms)
				ProcessInitializeOnLoadAttributes (142ms)
				ProcessInitializeOnLoadMethodAttributes (7ms)
				AfterProcessingInitializeOnLoad (2ms)
				EditorAssembliesLoaded (0ms)
			ExecutionOrderSort2 (0ms)
			AwakeInstancesAfterBackupRestoration (5ms)
Platform modules already initialized, skipping
Refreshing native plugins compatible for Editor in 0.39 ms, found 2 plugins.
Preloading 0 native plugins for Editor in 0.00 ms.
Unloading 1502 Unused Serialized files (Serialized files now loaded: 0)
System memory in use before: 85.6 MB.
System memory in use after: 85.7 MB.

Unloading 11 unused Assets to reduce memory usage. Loaded Objects now: 2013.
Total: 2.877100 ms (FindLiveObjects: 0.130100 ms CreateObjectMapping: 0.033200 ms MarkObjects: 2.686600 ms  DeleteObjects: 0.026200 ms)

AssetImportParameters requested are different than current active one (requested -> active):
  custom:framework-win-MediaFoundation: 216162199b28c13a410421893ffa2e32 -> 
  custom:video-decoder-ogg-theora: a1e56fd34408186e4bbccfd4996cb3dc -> 
  custom:container-muxer-webm: aa71ff27fc2769a1b78a27578f13a17b -> 
  custom:container-demuxer-webm: 4f35f7cbe854078d1ac9338744f61a02 -> 
  custom:container-demuxer-ogg: 62fdf1f143b41e24485cea50d1cbac27 -> 
  custom:video-encoder-webm-vp8: eb34c28f22e8b96e1ab97ce403110664 -> 
  custom:video-decoder-webm-vp8: 9c59270c3fd7afecdb556c50c9e8de78 -> 
  custom:audio-decoder-ogg-vorbis: bf7c407c2cedff20999df2af8eb42d56 -> 
  custom:audio-encoder-webm-vorbis: bf7c407c2cedff20999df2af8eb42d56 -> 
========================================================================
Received Import Request.
  Time since last request: 573.618135 seconds.
  path: Assets/Stylized Water For URP
  artifactKey: Guid(f7a2e105c9964f248ba12254d08eb8c0) Importer(815301076,1909f56bfc062723c751e8b465ee728b)
Start importing Assets/Stylized Water For URP using Guid(f7a2e105c9964f248ba12254d08eb8c0) Importer(815301076,1909f56bfc062723c751e8b465ee728b)  -> (artifact id: '78ce573eb3717bc2cb0ecd6b5e850fdc') in 0.005822 seconds 
========================================================================
Received Import Request.
  Time since last request: 6.121842 seconds.
  path: Assets/Stylized Water For URP/Textures
  artifactKey: Guid(e4aca986328afab4e89c92a446cf3474) Importer(815301076,1909f56bfc062723c751e8b465ee728b)
Start importing Assets/Stylized Water For URP/Textures using Guid(e4aca986328afab4e89c92a446cf3474) Importer(815301076,1909f56bfc062723c751e8b465ee728b)  -> (artifact id: 'cb0293b0aa9440d04f8af89fd1b9dd23') in 0.001911 seconds 
========================================================================
Received Import Request.
  Time since last request: 0.954878 seconds.
  path: Assets/Stylized Water For URP/Manual.pdf
  artifactKey: Guid(bd7dfec09e1a82a40867d5c21d314147) Importer(815301076,1909f56bfc062723c751e8b465ee728b)
Start importing Assets/Stylized Water For URP/Manual.pdf using Guid(bd7dfec09e1a82a40867d5c21d314147) Importer(815301076,1909f56bfc062723c751e8b465ee728b)  -> (artifact id: 'a2ece1f6b3fea72326eaa9aa7dc274e6') in 0.013293 seconds 
========================================================================
Received Prepare
Registering precompiled user dll's ...
Registered in 0.001571 seconds.
Begin MonoManager ReloadAssembly
Native extension for WindowsStandalone target not found
Refreshing native plugins compatible for Editor in 0.40 ms, found 2 plugins.
Preloading 0 native plugins for Editor in 0.00 ms.
Mono: successfully reloaded assembly
- Completed reload, in  0.738 seconds
Domain Reload Profiling:
	ReloadAssembly (738ms)
		BeginReloadAssembly (88ms)
			ExecutionOrderSort (0ms)
			DisableScriptedObjects (4ms)
			BackupInstance (0ms)
			ReleaseScriptingObjects (0ms)
			CreateAndSetChildDomain (27ms)
		EndReloadAssembly (603ms)
			LoadAssemblies (84ms)
			RebuildTransferFunctionScriptingTraits (0ms)
			SetupTypeCache (207ms)
			ReleaseScriptCaches (1ms)
			RebuildScriptCaches (31ms)
			SetupLoadedEditorAssemblies (210ms)
				LogAssemblyErrors (0ms)
				InitializePlatformSupportModulesInManaged (3ms)
				SetLoadedEditorAssemblies (0ms)
				RefreshPlugins (0ms)
				BeforeProcessingInitializeOnLoad (52ms)
				ProcessInitializeOnLoadAttributes (144ms)
				ProcessInitializeOnLoadMethodAttributes (7ms)
				AfterProcessingInitializeOnLoad (2ms)
				EditorAssembliesLoaded (0ms)
			ExecutionOrderSort2 (0ms)
			AwakeInstancesAfterBackupRestoration (5ms)
Platform modules already initialized, skipping
Refreshing native plugins compatible for Editor in 0.40 ms, found 2 plugins.
Preloading 0 native plugins for Editor in 0.00 ms.
Unloading 1502 Unused Serialized files (Serialized files now loaded: 0)
System memory in use before: 85.7 MB.
System memory in use after: 85.8 MB.

Unloading 11 unused Assets to reduce memory usage. Loaded Objects now: 2016.
Total: 2.709400 ms (FindLiveObjects: 0.147900 ms CreateObjectMapping: 0.033600 ms MarkObjects: 2.504100 ms  DeleteObjects: 0.022700 ms)

AssetImportParameters requested are different than current active one (requested -> active):
  custom:framework-win-MediaFoundation: 216162199b28c13a410421893ffa2e32 -> 
  custom:video-decoder-ogg-theora: a1e56fd34408186e4bbccfd4996cb3dc -> 
  custom:container-muxer-webm: aa71ff27fc2769a1b78a27578f13a17b -> 
  custom:container-demuxer-webm: 4f35f7cbe854078d1ac9338744f61a02 -> 
  custom:container-demuxer-ogg: 62fdf1f143b41e24485cea50d1cbac27 -> 
  custom:video-encoder-webm-vp8: eb34c28f22e8b96e1ab97ce403110664 -> 
  custom:video-decoder-webm-vp8: 9c59270c3fd7afecdb556c50c9e8de78 -> 
  custom:audio-decoder-ogg-vorbis: bf7c407c2cedff20999df2af8eb42d56 -> 
  custom:audio-encoder-webm-vorbis: bf7c407c2cedff20999df2af8eb42d56 -> 
========================================================================
Received Prepare
Registering precompiled user dll's ...
Registered in 0.001734 seconds.
Begin MonoManager ReloadAssembly
Native extension for WindowsStandalone target not found
Refreshing native plugins compatible for Editor in 0.34 ms, found 2 plugins.
Preloading 0 native plugins for Editor in 0.00 ms.
Mono: successfully reloaded assembly
- Completed reload, in  0.726 seconds
Domain Reload Profiling:
	ReloadAssembly (727ms)
		BeginReloadAssembly (93ms)
			ExecutionOrderSort (0ms)
			DisableScriptedObjects (4ms)
			BackupInstance (0ms)
			ReleaseScriptingObjects (0ms)
			CreateAndSetChildDomain (29ms)
		EndReloadAssembly (583ms)
			LoadAssemblies (73ms)
			RebuildTransferFunctionScriptingTraits (0ms)
			SetupTypeCache (210ms)
			ReleaseScriptCaches (1ms)
			RebuildScriptCaches (30ms)
			SetupLoadedEditorAssemblies (206ms)
				LogAssemblyErrors (0ms)
				InitializePlatformSupportModulesInManaged (3ms)
				SetLoadedEditorAssemblies (0ms)
				RefreshPlugins (0ms)
				BeforeProcessingInitializeOnLoad (52ms)
				ProcessInitializeOnLoadAttributes (141ms)
				ProcessInitializeOnLoadMethodAttributes (7ms)
				AfterProcessingInitializeOnLoad (2ms)
				EditorAssembliesLoaded (0ms)
			ExecutionOrderSort2 (0ms)
			AwakeInstancesAfterBackupRestoration (5ms)
Platform modules already initialized, skipping
Refreshing native plugins compatible for Editor in 0.33 ms, found 2 plugins.
Preloading 0 native plugins for Editor in 0.00 ms.
Unloading 1506 Unused Serialized files (Serialized files now loaded: 0)
System memory in use before: 87.4 MB.
System memory in use after: 87.4 MB.

Unloading 12 unused Assets to reduce memory usage. Loaded Objects now: 2023.
Total: 2.932400 ms (FindLiveObjects: 0.154200 ms CreateObjectMapping: 0.034700 ms MarkObjects: 2.631200 ms  DeleteObjects: 0.111400 ms)

AssetImportParameters requested are different than current active one (requested -> active):
  custom:framework-win-MediaFoundation: 216162199b28c13a410421893ffa2e32 -> 
  custom:video-decoder-ogg-theora: a1e56fd34408186e4bbccfd4996cb3dc -> 
  custom:container-muxer-webm: aa71ff27fc2769a1b78a27578f13a17b -> 
  custom:container-demuxer-webm: 4f35f7cbe854078d1ac9338744f61a02 -> 
  custom:container-demuxer-ogg: 62fdf1f143b41e24485cea50d1cbac27 -> 
  custom:video-encoder-webm-vp8: eb34c28f22e8b96e1ab97ce403110664 -> 
  custom:video-decoder-webm-vp8: 9c59270c3fd7afecdb556c50c9e8de78 -> 
  custom:audio-decoder-ogg-vorbis: bf7c407c2cedff20999df2af8eb42d56 -> 
  custom:audio-encoder-webm-vorbis: bf7c407c2cedff20999df2af8eb42d56 -> 
========================================================================
Received Import Request.
  Time since last request: 350.026648 seconds.
  path: Assets/LowPolyWater_Pack/Documentation/LowPolyWater.pdf
  artifactKey: Guid(1e736811e92ce314fa59acbfa904053d) Importer(815301076,1909f56bfc062723c751e8b465ee728b)
Start importing Assets/LowPolyWater_Pack/Documentation/LowPolyWater.pdf using Guid(1e736811e92ce314fa59acbfa904053d) Importer(815301076,1909f56bfc062723c751e8b465ee728b)  -> (artifact id: 'f2bd25dd852699aa71df62331314d423') in 0.013989 seconds 
========================================================================
Received Import Request.
  Time since last request: 85.404660 seconds.
  path: Assets/LowPolyWater_Pack/Plane Meshes/Ocean50x50W750H750.asset
  artifactKey: Guid(ebfb4988eb16add4784122504f75fe2f) Importer(815301076,1909f56bfc062723c751e8b465ee728b)
Start importing Assets/LowPolyWater_Pack/Plane Meshes/Ocean50x50W750H750.asset using Guid(ebfb4988eb16add4784122504f75fe2f) Importer(815301076,1909f56bfc062723c751e8b465ee728b)  -> (artifact id: '031d7f92758dbd2919b907ac8c07bf2e') in 0.042018 seconds 
========================================================================
Received Import Request.
  Time since last request: 0.000273 seconds.
  path: Assets/Low Poly Water/Plane Meshes/Plane1x1W1H1.asset
  artifactKey: Guid(1acb054a254e8aa44978ae6093eeec80) Importer(815301076,1909f56bfc062723c751e8b465ee728b)
Start importing Assets/Low Poly Water/Plane Meshes/Plane1x1W1H1.asset using Guid(1acb054a254e8aa44978ae6093eeec80) Importer(815301076,1909f56bfc062723c751e8b465ee728b)  -> (artifact id: 'ac86bd73cae08c0ce712539adfd7317b') in 0.008003 seconds 
========================================================================
Received Prepare
Registering precompiled user dll's ...
Registered in 0.001655 seconds.
Begin MonoManager ReloadAssembly
Native extension for WindowsStandalone target not found
Refreshing native plugins compatible for Editor in 0.36 ms, found 2 plugins.
Preloading 0 native plugins for Editor in 0.00 ms.
Mono: successfully reloaded assembly
- Completed reload, in  0.729 seconds
Domain Reload Profiling:
	ReloadAssembly (730ms)
		BeginReloadAssembly (90ms)
			ExecutionOrderSort (0ms)
			DisableScriptedObjects (3ms)
			BackupInstance (0ms)
			ReleaseScriptingObjects (0ms)
			CreateAndSetChildDomain (26ms)
		EndReloadAssembly (592ms)
			LoadAssemblies (74ms)
			RebuildTransferFunctionScriptingTraits (0ms)
			SetupTypeCache (211ms)
			ReleaseScriptCaches (1ms)
			RebuildScriptCaches (31ms)
			SetupLoadedEditorAssemblies (211ms)
				LogAssemblyErrors (0ms)
				InitializePlatformSupportModulesInManaged (3ms)
				SetLoadedEditorAssemblies (0ms)
				RefreshPlugins (0ms)
				BeforeProcessingInitializeOnLoad (52ms)
				ProcessInitializeOnLoadAttributes (145ms)
				ProcessInitializeOnLoadMethodAttributes (7ms)
				AfterProcessingInitializeOnLoad (2ms)
				EditorAssembliesLoaded (0ms)
			ExecutionOrderSort2 (0ms)
			AwakeInstancesAfterBackupRestoration (5ms)
Platform modules already initialized, skipping
Refreshing native plugins compatible for Editor in 0.41 ms, found 2 plugins.
Preloading 0 native plugins for Editor in 0.00 ms.
Unloading 1505 Unused Serialized files (Serialized files now loaded: 0)
System memory in use before: 87.3 MB.
System memory in use after: 87.3 MB.

Unloading 12 unused Assets to reduce memory usage. Loaded Objects now: 2027.
Total: 3.013900 ms (FindLiveObjects: 0.198900 ms CreateObjectMapping: 0.034700 ms MarkObjects: 2.665600 ms  DeleteObjects: 0.113500 ms)

AssetImportParameters requested are different than current active one (requested -> active):
  custom:framework-win-MediaFoundation: 216162199b28c13a410421893ffa2e32 -> 
  custom:video-decoder-ogg-theora: a1e56fd34408186e4bbccfd4996cb3dc -> 
  custom:container-muxer-webm: aa71ff27fc2769a1b78a27578f13a17b -> 
  custom:container-demuxer-webm: 4f35f7cbe854078d1ac9338744f61a02 -> 
  custom:container-demuxer-ogg: 62fdf1f143b41e24485cea50d1cbac27 -> 
  custom:video-encoder-webm-vp8: eb34c28f22e8b96e1ab97ce403110664 -> 
  custom:video-decoder-webm-vp8: 9c59270c3fd7afecdb556c50c9e8de78 -> 
  custom:audio-decoder-ogg-vorbis: bf7c407c2cedff20999df2af8eb42d56 -> 
  custom:audio-encoder-webm-vorbis: bf7c407c2cedff20999df2af8eb42d56 -> 
========================================================================
Received Prepare
Registering precompiled user dll's ...
Registered in 0.001864 seconds.
Begin MonoManager ReloadAssembly
Native extension for WindowsStandalone target not found
Refreshing native plugins compatible for Editor in 0.44 ms, found 2 plugins.
Preloading 0 native plugins for Editor in 0.00 ms.
Mono: successfully reloaded assembly
- Completed reload, in  0.752 seconds
Domain Reload Profiling:
	ReloadAssembly (752ms)
		BeginReloadAssembly (92ms)
			ExecutionOrderSort (0ms)
			DisableScriptedObjects (4ms)
			BackupInstance (0ms)
			ReleaseScriptingObjects (0ms)
			CreateAndSetChildDomain (28ms)
		EndReloadAssembly (613ms)
			LoadAssemblies (72ms)
			RebuildTransferFunctionScriptingTraits (0ms)
			SetupTypeCache (212ms)
			ReleaseScriptCaches (1ms)
			RebuildScriptCaches (32ms)
			SetupLoadedEditorAssemblies (226ms)
				LogAssemblyErrors (0ms)
				InitializePlatformSupportModulesInManaged (3ms)
				SetLoadedEditorAssemblies (0ms)
				RefreshPlugins (0ms)
				BeforeProcessingInitializeOnLoad (57ms)
				ProcessInitializeOnLoadAttributes (154ms)
				ProcessInitializeOnLoadMethodAttributes (8ms)
				AfterProcessingInitializeOnLoad (2ms)
				EditorAssembliesLoaded (0ms)
			ExecutionOrderSort2 (0ms)
			AwakeInstancesAfterBackupRestoration (5ms)
Platform modules already initialized, skipping
Refreshing native plugins compatible for Editor in 0.45 ms, found 2 plugins.
Preloading 0 native plugins for Editor in 0.00 ms.
Unloading 1505 Unused Serialized files (Serialized files now loaded: 0)
System memory in use before: 87.3 MB.
System memory in use after: 87.3 MB.

Unloading 12 unused Assets to reduce memory usage. Loaded Objects now: 2030.
Total: 3.240700 ms (FindLiveObjects: 0.281000 ms CreateObjectMapping: 0.047500 ms MarkObjects: 2.777500 ms  DeleteObjects: 0.133300 ms)

AssetImportParameters requested are different than current active one (requested -> active):
  custom:framework-win-MediaFoundation: 216162199b28c13a410421893ffa2e32 -> 
  custom:video-decoder-ogg-theora: a1e56fd34408186e4bbccfd4996cb3dc -> 
  custom:container-muxer-webm: aa71ff27fc2769a1b78a27578f13a17b -> 
  custom:container-demuxer-webm: 4f35f7cbe854078d1ac9338744f61a02 -> 
  custom:container-demuxer-ogg: 62fdf1f143b41e24485cea50d1cbac27 -> 
  custom:video-encoder-webm-vp8: eb34c28f22e8b96e1ab97ce403110664 -> 
  custom:video-decoder-webm-vp8: 9c59270c3fd7afecdb556c50c9e8de78 -> 
  custom:audio-decoder-ogg-vorbis: bf7c407c2cedff20999df2af8eb42d56 -> 
  custom:audio-encoder-webm-vorbis: bf7c407c2cedff20999df2af8eb42d56 -> 
========================================================================
Received Import Request.
  Time since last request: 453.290545 seconds.
  path: Assets/QS/QS-Textures-Grass-v1/Materials/Mobile
  artifactKey: Guid(ded435800f4eb4c49b7b0ac714ad6b87) Importer(815301076,1909f56bfc062723c751e8b465ee728b)
Start importing Assets/QS/QS-Textures-Grass-v1/Materials/Mobile using Guid(ded435800f4eb4c49b7b0ac714ad6b87) Importer(815301076,1909f56bfc062723c751e8b465ee728b)  -> (artifact id: '4ed753e1fa97c94ac219819c91152b91') in 0.005469 seconds 
========================================================================
Received Import Request.
  Time since last request: 0.508140 seconds.
  path: Assets/QS/QS-Textures-Grass-v1/Textures/QS-GRASS-1.1.png
  artifactKey: Guid(13fd3dd52bf157845864087bf321dbff) Importer(815301076,1909f56bfc062723c751e8b465ee728b)
Start importing Assets/QS/QS-Textures-Grass-v1/Textures/QS-GRASS-1.1.png using Guid(13fd3dd52bf157845864087bf321dbff) Importer(815301076,1909f56bfc062723c751e8b465ee728b)  -> (artifact id: '470de3d302cdc48ab31964f78df40cd1') in 0.038114 seconds 
========================================================================
Received Import Request.
  Time since last request: 0.710769 seconds.
  path: Assets/QS/QS-Textures-Grass-v1/Textures/QS-GRASS-2.1.png
  artifactKey: Guid(9258a574148383549ac8f525404331bb) Importer(815301076,1909f56bfc062723c751e8b465ee728b)
Start importing Assets/QS/QS-Textures-Grass-v1/Textures/QS-GRASS-2.1.png using Guid(9258a574148383549ac8f525404331bb) Importer(815301076,1909f56bfc062723c751e8b465ee728b)  -> (artifact id: '94e9cedde822276f7d83396aa3d2eb14') in 0.008062 seconds 
========================================================================
Received Import Request.
  Time since last request: 0.643657 seconds.
  path: Assets/QS/QS-Textures-Grass-v1/Textures/QS-GRASS-3.1.png
  artifactKey: Guid(d328323ac18b12b4eacc6998b100dace) Importer(815301076,1909f56bfc062723c751e8b465ee728b)
Start importing Assets/QS/QS-Textures-Grass-v1/Textures/QS-GRASS-3.1.png using Guid(d328323ac18b12b4eacc6998b100dace) Importer(815301076,1909f56bfc062723c751e8b465ee728b)  -> (artifact id: '7538fedf020bdc464cf4ae4c228869f6') in 0.007670 seconds 
========================================================================
Received Import Request.
  Time since last request: 0.578125 seconds.
  path: Assets/QS/QS-Textures-Grass-v1/Textures/QS-GRASS-4.1.png
  artifactKey: Guid(487e8c740f10d6e42a9134485b82d150) Importer(815301076,1909f56bfc062723c751e8b465ee728b)
Start importing Assets/QS/QS-Textures-Grass-v1/Textures/QS-GRASS-4.1.png using Guid(487e8c740f10d6e42a9134485b82d150) Importer(815301076,1909f56bfc062723c751e8b465ee728b)  -> (artifact id: '406736fd662f1fc6c8da380555cdf64e') in 0.006884 seconds 
========================================================================
Received Import Request.
  Time since last request: 26.509429 seconds.
  path: Assets/Tree9/bark14.png
  artifactKey: Guid(78e60ad3a8152ec46be748bb6d5a7cdf) Importer(815301076,1909f56bfc062723c751e8b465ee728b)
Start importing Assets/Tree9/bark14.png using Guid(78e60ad3a8152ec46be748bb6d5a7cdf) Importer(815301076,1909f56bfc062723c751e8b465ee728b)  -> (artifact id: '7997fc049d17344e151cd9e590c4858e') in 0.007189 seconds 
========================================================================
Received Import Request.
  Time since last request: 0.000283 seconds.
  path: Assets/Tree9/bark14_N.png
  artifactKey: Guid(81f1d63919f88a547a8d97fe857cc586) Importer(815301076,1909f56bfc062723c751e8b465ee728b)
Start importing Assets/Tree9/bark14_N.png using Guid(81f1d63919f88a547a8d97fe857cc586) Importer(815301076,1909f56bfc062723c751e8b465ee728b)  -> (artifact id: '2c3a1ead27bfb5d7b7ba8b7e612aadc5') in 0.036865 seconds 
========================================================================
Received Import Request.
  Time since last request: 0.000262 seconds.
  path: Assets/Tree9/Leafs19_N.png
  artifactKey: Guid(fa41cc63b7bd56f4da64009c1c218880) Importer(815301076,1909f56bfc062723c751e8b465ee728b)
Start importing Assets/Tree9/Leafs19_N.png using Guid(fa41cc63b7bd56f4da64009c1c218880) Importer(815301076,1909f56bfc062723c751e8b465ee728b)  -> (artifact id: 'b31b73c8dfe5d37be81c78117f792338') in 0.007617 seconds 
========================================================================
Received Import Request.
  Time since last request: 0.000267 seconds.
  path: Assets/Tree9/Tree9_1_Textures/diffuse.png
  artifactKey: Guid(f984fae445e929149af21237b556579a) Importer(815301076,1909f56bfc062723c751e8b465ee728b)
Start importing Assets/Tree9/Tree9_1_Textures/diffuse.png using Guid(f984fae445e929149af21237b556579a) Importer(815301076,1909f56bfc062723c751e8b465ee728b)  -> (artifact id: 'cca8331dead16d4b2d2fc219cb3360de') in 0.008217 seconds 
========================================================================
Received Import Request.
  Time since last request: 0.000294 seconds.
  path: Assets/Tree9/Tree9_3_Textures/normal_specular.png
  artifactKey: Guid(5e29fb513e9ec3243aa6722b1433089e) Importer(815301076,1909f56bfc062723c751e8b465ee728b)
Start importing Assets/Tree9/Tree9_3_Textures/normal_specular.png using Guid(5e29fb513e9ec3243aa6722b1433089e) Importer(815301076,1909f56bfc062723c751e8b465ee728b)  -> (artifact id: '07c6e601128ed9ca9883fe73ce375ea5') in 0.007064 seconds 
========================================================================
Received Import Request.
  Time since last request: 0.000277 seconds.
  path: Assets/Tree9/Tree9_3_Textures/diffuse.png
  artifactKey: Guid(6b98821c68930d84b861dee4a087d581) Importer(815301076,1909f56bfc062723c751e8b465ee728b)
Start importing Assets/Tree9/Tree9_3_Textures/diffuse.png using Guid(6b98821c68930d84b861dee4a087d581) Importer(815301076,1909f56bfc062723c751e8b465ee728b)  -> (artifact id: 'acd803b7e257b2710bd69670d16deb54') in 0.007510 seconds 
========================================================================
Received Import Request.
  Time since last request: 0.000307 seconds.
  path: Assets/LowPolyWater_Pack/Textures/Foam.tga
  artifactKey: Guid(5fbcffe9c2077f04186883cb39275fcc) Importer(815301076,1909f56bfc062723c751e8b465ee728b)
Start importing Assets/LowPolyWater_Pack/Textures/Foam.tga using Guid(5fbcffe9c2077f04186883cb39275fcc) Importer(815301076,1909f56bfc062723c751e8b465ee728b)  -> (artifact id: '215e1972eef2e0a227117cb5dff928e9') in 0.011315 seconds 
========================================================================
Received Import Request.
  Time since last request: 0.000296 seconds.
  path: Assets/Tree9/Leafs19.tga
  artifactKey: Guid(58552de7d543f6e4095feb3806e56f4f) Importer(815301076,1909f56bfc062723c751e8b465ee728b)
Start importing Assets/Tree9/Leafs19.tga using Guid(58552de7d543f6e4095feb3806e56f4f) Importer(815301076,1909f56bfc062723c751e8b465ee728b)  -> (artifact id: '97eb3f85d64fd6878ae2f48587dff4a3') in 0.007450 seconds 
========================================================================
Received Import Request.
  Time since last request: 1.189080 seconds.
  path: Assets/Tree9/Tree9_1_Textures/normal_specular.png
  artifactKey: Guid(34bf97c9a44d6a24e9aad37f9f1e5e3d) Importer(815301076,1909f56bfc062723c751e8b465ee728b)
Start importing Assets/Tree9/Tree9_1_Textures/normal_specular.png using Guid(34bf97c9a44d6a24e9aad37f9f1e5e3d) Importer(815301076,1909f56bfc062723c751e8b465ee728b)  -> (artifact id: '55d9f31c642451d62e072c2146d58a51') in 0.007742 seconds 
========================================================================
Received Import Request.
  Time since last request: 0.177455 seconds.
  path: Assets/QS/QS-Textures-Grass-v1/Textures/QS-GRASS-5.1.png
  artifactKey: Guid(3f74625973561224b8d54f04f8549029) Importer(815301076,1909f56bfc062723c751e8b465ee728b)
Start importing Assets/QS/QS-Textures-Grass-v1/Textures/QS-GRASS-5.1.png using Guid(3f74625973561224b8d54f04f8549029) Importer(815301076,1909f56bfc062723c751e8b465ee728b)  -> (artifact id: 'ecd9eab69aae733f350114b693272455') in 0.007691 seconds 
========================================================================
Received Import Request.
  Time since last request: 0.650323 seconds.
  path: Assets/QS/QS-Textures-Grass-v1/Textures/QS-GRASS-6.1.png
  artifactKey: Guid(e976a3fb05af8ff49852a29592031e49) Importer(815301076,1909f56bfc062723c751e8b465ee728b)
Start importing Assets/QS/QS-Textures-Grass-v1/Textures/QS-GRASS-6.1.png using Guid(e976a3fb05af8ff49852a29592031e49) Importer(815301076,1909f56bfc062723c751e8b465ee728b)  -> (artifact id: '9c2d2992741062933df902340afb46e7') in 0.006983 seconds 
========================================================================
Received Import Request.
  Time since last request: 0.000197 seconds.
  path: Assets/QS/QS-Textures-Grass-v1/Textures/QS-GRASS-7.1.png
  artifactKey: Guid(30915eb6d6267ed49bfb794a0e622444) Importer(815301076,1909f56bfc062723c751e8b465ee728b)
Start importing Assets/QS/QS-Textures-Grass-v1/Textures/QS-GRASS-7.1.png using Guid(30915eb6d6267ed49bfb794a0e622444) Importer(815301076,1909f56bfc062723c751e8b465ee728b)  -> (artifact id: 'd09d7b08df06513854913a4c92432d98') in 0.007323 seconds 
========================================================================
Received Import Request.
  Time since last request: 0.041088 seconds.
  path: Assets/QS/QS-Textures-Grass-v1/Textures/QS-GRASS-8.1.png
  artifactKey: Guid(84da742bd36439745a3e5bda7e7f1387) Importer(815301076,1909f56bfc062723c751e8b465ee728b)
Start importing Assets/QS/QS-Textures-Grass-v1/Textures/QS-GRASS-8.1.png using Guid(84da742bd36439745a3e5bda7e7f1387) Importer(815301076,1909f56bfc062723c751e8b465ee728b)  -> (artifact id: '2f3f40685775348035eb32b621c50ffe') in 0.007304 seconds 
========================================================================
Received Import Request.
  Time since last request: 0.000238 seconds.
  path: Assets/QS/QS-Textures-Grass-v1/Textures/QS-GRASS-9.png
  artifactKey: Guid(8d55ff15069da024c8d559c9b71e71b9) Importer(815301076,1909f56bfc062723c751e8b465ee728b)
Start importing Assets/QS/QS-Textures-Grass-v1/Textures/QS-GRASS-9.png using Guid(8d55ff15069da024c8d559c9b71e71b9) Importer(815301076,1909f56bfc062723c751e8b465ee728b)  -> (artifact id: '5a2deac24c5d67e19eec746366bfeddc') in 0.007249 seconds 
========================================================================
Received Import Request.
  Time since last request: 0.654851 seconds.
  path: Assets/QS/QS-Textures-Grass-v1/Textures/QS-GRASS-9.1.png
  artifactKey: Guid(b7db08026c22ca2448703b02a6c2ca42) Importer(815301076,1909f56bfc062723c751e8b465ee728b)
Start importing Assets/QS/QS-Textures-Grass-v1/Textures/QS-GRASS-9.1.png using Guid(b7db08026c22ca2448703b02a6c2ca42) Importer(815301076,1909f56bfc062723c751e8b465ee728b)  -> (artifact id: '8fd433c4ce32e89982fc4741cd02d884') in 0.006964 seconds 
========================================================================
Received Import Request.
  Time since last request: 0.000255 seconds.
  path: Assets/Tree9/Tree9_1_Textures/shadow.png
  artifactKey: Guid(c6866b951b8f3da479d9f8822255ff51) Importer(815301076,1909f56bfc062723c751e8b465ee728b)
Start importing Assets/Tree9/Tree9_1_Textures/shadow.png using Guid(c6866b951b8f3da479d9f8822255ff51) Importer(815301076,1909f56bfc062723c751e8b465ee728b)  -> (artifact id: '224821ce42d7d96e78bf64d164666df6') in 0.006100 seconds 
========================================================================
Received Import Request.
  Time since last request: 0.000246 seconds.
  path: Assets/LowPolyWater_Pack/LowPoly Island/textures/textureAmbient_Occlusion.jpg
  artifactKey: Guid(b9b487cdf5f0a1446986165bc650935d) Importer(815301076,1909f56bfc062723c751e8b465ee728b)
Start importing Assets/LowPolyWater_Pack/LowPoly Island/textures/textureAmbient_Occlusion.jpg using Guid(b9b487cdf5f0a1446986165bc650935d) Importer(815301076,1909f56bfc062723c751e8b465ee728b)  -> (artifact id: '28b76fe4ca53307ba58791b9f96ea565') in 0.008646 seconds 
========================================================================
Received Import Request.
  Time since last request: 0.000240 seconds.
  path: Assets/Tree9/Tree9_3_Textures/shadow.png
  artifactKey: Guid(65aaf170aa1e0854eb22f6cb7a7549cc) Importer(815301076,1909f56bfc062723c751e8b465ee728b)
Start importing Assets/Tree9/Tree9_3_Textures/shadow.png using Guid(65aaf170aa1e0854eb22f6cb7a7549cc) Importer(815301076,1909f56bfc062723c751e8b465ee728b)  -> (artifact id: 'def97a6f198c7e8ec1a48d3d0706e0ac') in 0.005792 seconds 
========================================================================
Received Import Request.
  Time since last request: 0.196005 seconds.
  path: Assets/LowPolyWater_Pack/LowPoly Island/textures/textureSurface_Color_2.jpg
  artifactKey: Guid(c4b4ad6529883dc43874119c9045638a) Importer(815301076,1909f56bfc062723c751e8b465ee728b)
Start importing Assets/LowPolyWater_Pack/LowPoly Island/textures/textureSurface_Color_2.jpg using Guid(c4b4ad6529883dc43874119c9045638a) Importer(815301076,1909f56bfc062723c751e8b465ee728b)  -> (artifact id: 'fae5170bbd27bbc9e7aa25822b8d45e7') in 0.007922 seconds 
========================================================================
Received Import Request.
  Time since last request: 0.000233 seconds.
  path: Assets/Tree9/Tree9_1_Textures/translucency_gloss.png
  artifactKey: Guid(f61dbef0d12d35f4b9fbf8cfded48f9a) Importer(815301076,1909f56bfc062723c751e8b465ee728b)
Start importing Assets/Tree9/Tree9_1_Textures/translucency_gloss.png using Guid(f61dbef0d12d35f4b9fbf8cfded48f9a) Importer(815301076,1909f56bfc062723c751e8b465ee728b)  -> (artifact id: 'bf85dbc3b755aebd0fb9e605ae457e7a') in 0.006704 seconds 
========================================================================
Received Import Request.
  Time since last request: 0.122259 seconds.
  path: Assets/Tree9/Tree9_3_Textures/translucency_gloss.png
  artifactKey: Guid(7f4712a5fcabde24d9fac67591445724) Importer(815301076,1909f56bfc062723c751e8b465ee728b)
Start importing Assets/Tree9/Tree9_3_Textures/translucency_gloss.png using Guid(7f4712a5fcabde24d9fac67591445724) Importer(815301076,1909f56bfc062723c751e8b465ee728b)  -> (artifact id: 'e450a6a2111755f25e9e2178807ee379') in 0.006043 seconds 
========================================================================
Received Import Request.
  Time since last request: 4.590214 seconds.
  path: Assets/NewBrush.brush
  artifactKey: Guid(2f26efb87812c9d4f8db9db48ef50579) Importer(815301076,1909f56bfc062723c751e8b465ee728b)
Start importing Assets/NewBrush.brush using Guid(2f26efb87812c9d4f8db9db48ef50579) Importer(815301076,1909f56bfc062723c751e8b465ee728b)  -> (artifact id: '878beddf47d711e650698ab2e4a60d0c') in 0.013434 seconds 
========================================================================
Received Import Request.
  Time since last request: 50.129130 seconds.
  path: Assets/NewBrush 1.brush
  artifactKey: Guid(bb0708d28b711044fa34f1bfb01730f4) Importer(815301076,1909f56bfc062723c751e8b465ee728b)
Start importing Assets/NewBrush 1.brush using Guid(bb0708d28b711044fa34f1bfb01730f4) Importer(815301076,1909f56bfc062723c751e8b465ee728b)  -> (artifact id: 'df1665635b0a375e2070b8e9d00e65f0') in 0.008014 seconds 
========================================================================
Received Import Request.
  Time since last request: 25.121350 seconds.
  path: Assets/NewBrush 2.brush
  artifactKey: Guid(0fb3e13b8ec5a054ea7989b007e44a06) Importer(815301076,1909f56bfc062723c751e8b465ee728b)
Start importing Assets/NewBrush 2.brush using Guid(0fb3e13b8ec5a054ea7989b007e44a06) Importer(815301076,1909f56bfc062723c751e8b465ee728b)  -> (artifact id: 'c5356c6538bce53803b6216281372a23') in 0.007694 seconds 
========================================================================
Received Import Request.
  Time since last request: 346.929544 seconds.
  path: Assets/SkySeries Freebie/FreebieHdri/CosmicCoolCloudFront.hdr
  artifactKey: Guid(d822c5eff7d42f04691027bc8c2b0716) Importer(815301076,1909f56bfc062723c751e8b465ee728b)
Start importing Assets/SkySeries Freebie/FreebieHdri/CosmicCoolCloudFront.hdr using Guid(d822c5eff7d42f04691027bc8c2b0716) Importer(815301076,1909f56bfc062723c751e8b465ee728b)  -> (artifact id: '0fc648b99f979cb6e77b6404b5412fab') in 0.015185 seconds 
========================================================================
Received Import Request.
  Time since last request: 0.000409 seconds.
  path: Assets/SkySeries Freebie/FreebieHdri/CosmicCoolCloudBack.hdr
  artifactKey: Guid(a779becf00399924184cd13e046a100e) Importer(815301076,1909f56bfc062723c751e8b465ee728b)
Start importing Assets/SkySeries Freebie/FreebieHdri/CosmicCoolCloudBack.hdr using Guid(a779becf00399924184cd13e046a100e) Importer(815301076,1909f56bfc062723c751e8b465ee728b)  -> (artifact id: '9362e65210785ea0175e2a16a21fed0d') in 0.009379 seconds 
========================================================================
Received Import Request.
  Time since last request: 0.000258 seconds.
  path: Assets/SkySeries Freebie/FreebieHdri/CosmicCoolCloudRight.hdr
  artifactKey: Guid(438e868ac8cccca4e81873838a67c003) Importer(815301076,1909f56bfc062723c751e8b465ee728b)
Start importing Assets/SkySeries Freebie/FreebieHdri/CosmicCoolCloudRight.hdr using Guid(438e868ac8cccca4e81873838a67c003) Importer(815301076,1909f56bfc062723c751e8b465ee728b)  -> (artifact id: '5d8095588723dba6d0455ee9d18558d7') in 0.008916 seconds 
========================================================================
Received Import Request.
  Time since last request: 0.000339 seconds.
  path: Assets/SkySeries Freebie/FreebieHdri/CosmicCoolCloudTop.hdr
  artifactKey: Guid(a199da0432efa6a489df8883d1f3bfe0) Importer(815301076,1909f56bfc062723c751e8b465ee728b)
Start importing Assets/SkySeries Freebie/FreebieHdri/CosmicCoolCloudTop.hdr using Guid(a199da0432efa6a489df8883d1f3bfe0) Importer(815301076,1909f56bfc062723c751e8b465ee728b)  -> (artifact id: '8852ab8cecb67080e79bada1fcc06396') in 0.008531 seconds 
========================================================================
Received Import Request.
  Time since last request: 0.000212 seconds.
  path: Assets/SkySeries Freebie/FreebieHdri/CosmicCoolCloudLeft.hdr
  artifactKey: Guid(740f96d568f4f3e40b049c40f11603e5) Importer(815301076,1909f56bfc062723c751e8b465ee728b)
Start importing Assets/SkySeries Freebie/FreebieHdri/CosmicCoolCloudLeft.hdr using Guid(740f96d568f4f3e40b049c40f11603e5) Importer(815301076,1909f56bfc062723c751e8b465ee728b)  -> (artifact id: 'bbaa0cc0ff5d5f77b4d4630ac2d428f8') in 0.009343 seconds 
========================================================================
Received Import Request.
  Time since last request: 0.000282 seconds.
  path: Assets/SkySeries Freebie/FreebieHdri/CosmicCoolCloudBottom.hdr
  artifactKey: Guid(94b877781ad034640abce933599b6f2e) Importer(815301076,1909f56bfc062723c751e8b465ee728b)
Start importing Assets/SkySeries Freebie/FreebieHdri/CosmicCoolCloudBottom.hdr using Guid(94b877781ad034640abce933599b6f2e) Importer(815301076,1909f56bfc062723c751e8b465ee728b)  -> (artifact id: '0c5d5bc35888bfb78e1189b78844cd74') in 0.009131 seconds 
========================================================================
Received Import Request.
  Time since last request: 1.018753 seconds.
  path: Assets/SkySeries Freebie/FreebieHdri/FluffballDayFront.hdr
  artifactKey: Guid(4499836ec803a0443834895abc208fba) Importer(815301076,1909f56bfc062723c751e8b465ee728b)
Start importing Assets/SkySeries Freebie/FreebieHdri/FluffballDayFront.hdr using Guid(4499836ec803a0443834895abc208fba) Importer(815301076,1909f56bfc062723c751e8b465ee728b)  -> (artifact id: 'fabdc07b2a1ec2864b1a3a9fbe917eb9') in 0.008832 seconds 
========================================================================
Received Import Request.
  Time since last request: 0.000257 seconds.
  path: Assets/SkySeries Freebie/FreebieHdri/FluffballDayLeft.hdr
  artifactKey: Guid(a78d8299279fda54098aca1c72ecfae1) Importer(815301076,1909f56bfc062723c751e8b465ee728b)
Start importing Assets/SkySeries Freebie/FreebieHdri/FluffballDayLeft.hdr using Guid(a78d8299279fda54098aca1c72ecfae1) Importer(815301076,1909f56bfc062723c751e8b465ee728b)  -> (artifact id: '093648e5f43dc000923eec32245499f3') in 0.007201 seconds 
========================================================================
Received Import Request.
  Time since last request: 0.000367 seconds.
  path: Assets/SkySeries Freebie/FreebieHdri/FluffballDayTop.hdr
  artifactKey: Guid(c769857dc541ab7449d1352d7ff46ce8) Importer(815301076,1909f56bfc062723c751e8b465ee728b)
Start importing Assets/SkySeries Freebie/FreebieHdri/FluffballDayTop.hdr using Guid(c769857dc541ab7449d1352d7ff46ce8) Importer(815301076,1909f56bfc062723c751e8b465ee728b)  -> (artifact id: '42141f56a427fe06510de87650bb1690') in 0.007527 seconds 
========================================================================
Received Import Request.
  Time since last request: 0.000263 seconds.
  path: Assets/SkySeries Freebie/FreebieHdri/FluffballDayBack.hdr
  artifactKey: Guid(50762494be58d144d98d179cd6ba1470) Importer(815301076,1909f56bfc062723c751e8b465ee728b)
Start importing Assets/SkySeries Freebie/FreebieHdri/FluffballDayBack.hdr using Guid(50762494be58d144d98d179cd6ba1470) Importer(815301076,1909f56bfc062723c751e8b465ee728b)  -> (artifact id: '2b74d7d4679efff73d500229b581c7a6') in 0.006879 seconds 
========================================================================
Received Import Request.
  Time since last request: 0.000167 seconds.
  path: Assets/SkySeries Freebie/FreebieHdri/FluffballDayBottom.hdr
  artifactKey: Guid(42e0664ae4c5c424ebcd980a10687e18) Importer(815301076,1909f56bfc062723c751e8b465ee728b)
Start importing Assets/SkySeries Freebie/FreebieHdri/FluffballDayBottom.hdr using Guid(42e0664ae4c5c424ebcd980a10687e18) Importer(815301076,1909f56bfc062723c751e8b465ee728b)  -> (artifact id: '03099dfb81a6ede35fdfad845a914902') in 0.006937 seconds 
========================================================================
Received Import Request.
  Time since last request: 0.000284 seconds.
  path: Assets/SkySeries Freebie/FreebieHdri/FluffballDayRight.hdr
  artifactKey: Guid(669daa4bd63e4204dacb9aa01a164a7f) Importer(815301076,1909f56bfc062723c751e8b465ee728b)
Start importing Assets/SkySeries Freebie/FreebieHdri/FluffballDayRight.hdr using Guid(669daa4bd63e4204dacb9aa01a164a7f) Importer(815301076,1909f56bfc062723c751e8b465ee728b)  -> (artifact id: 'fc2c8bd3d33d253afecf3f944d8752d6') in 0.006961 seconds 
========================================================================
Received Import Request.
  Time since last request: 1.702505 seconds.
  path: Assets/SkySeries Freebie/FreebieHdri/MegaSunFront.hdr
  artifactKey: Guid(b915aaf1fa7dbd54a9e60e42712933a9) Importer(815301076,1909f56bfc062723c751e8b465ee728b)
Start importing Assets/SkySeries Freebie/FreebieHdri/MegaSunFront.hdr using Guid(b915aaf1fa7dbd54a9e60e42712933a9) Importer(815301076,1909f56bfc062723c751e8b465ee728b)  -> (artifact id: '95a58a3d42d4634cde8bc806a93a205e') in 0.007469 seconds 
========================================================================
Received Import Request.
  Time since last request: 0.000373 seconds.
  path: Assets/SkySeries Freebie/FreebieHdri/MegaSunLeft.hdr
  artifactKey: Guid(7f0373fb8ec72a142898c7984aada4b9) Importer(815301076,1909f56bfc062723c751e8b465ee728b)
Start importing Assets/SkySeries Freebie/FreebieHdri/MegaSunLeft.hdr using Guid(7f0373fb8ec72a142898c7984aada4b9) Importer(815301076,1909f56bfc062723c751e8b465ee728b)  -> (artifact id: '5f6956b324fd2fcb1d3ad9724f345449') in 0.007060 seconds 
========================================================================
Received Import Request.
  Time since last request: 0.000317 seconds.
  path: Assets/SkySeries Freebie/FreebieHdri/MegaSunRight.hdr
  artifactKey: Guid(f5760fc943c5eb643a2291630888f6a1) Importer(815301076,1909f56bfc062723c751e8b465ee728b)
Start importing Assets/SkySeries Freebie/FreebieHdri/MegaSunRight.hdr using Guid(f5760fc943c5eb643a2291630888f6a1) Importer(815301076,1909f56bfc062723c751e8b465ee728b)  -> (artifact id: '50f58c90b410baaf5c0792aec186694a') in 0.006828 seconds 
========================================================================
Received Import Request.
  Time since last request: 0.000295 seconds.
  path: Assets/SkySeries Freebie/FreebieHdri/MegaSunTop.hdr
  artifactKey: Guid(47d70ba0d1c1c3e4ab451b6bc37b0ebe) Importer(815301076,1909f56bfc062723c751e8b465ee728b)
Start importing Assets/SkySeries Freebie/FreebieHdri/MegaSunTop.hdr using Guid(47d70ba0d1c1c3e4ab451b6bc37b0ebe) Importer(815301076,1909f56bfc062723c751e8b465ee728b)  -> (artifact id: 'e41ac1cf50e51311563110e1acd5360a') in 0.007444 seconds 
========================================================================
Received Import Request.
  Time since last request: 0.000278 seconds.
  path: Assets/SkySeries Freebie/FreebieHdri/MegaSunBack.hdr
  artifactKey: Guid(4e52cbaf92b83a94cb86bed75ed34652) Importer(815301076,1909f56bfc062723c751e8b465ee728b)
Start importing Assets/SkySeries Freebie/FreebieHdri/MegaSunBack.hdr using Guid(4e52cbaf92b83a94cb86bed75ed34652) Importer(815301076,1909f56bfc062723c751e8b465ee728b)  -> (artifact id: '687172d0e29502d18ca77b821fdf3197') in 0.006543 seconds 
========================================================================
Received Import Request.
  Time since last request: 0.000351 seconds.
  path: Assets/SkySeries Freebie/FreebieHdri/MegaSunBottom.hdr
  artifactKey: Guid(3de85f3af41435a4c8f9d237bc1f19ec) Importer(815301076,1909f56bfc062723c751e8b465ee728b)
Start importing Assets/SkySeries Freebie/FreebieHdri/MegaSunBottom.hdr using Guid(3de85f3af41435a4c8f9d237bc1f19ec) Importer(815301076,1909f56bfc062723c751e8b465ee728b)  -> (artifact id: '1542a8aad583f17b89c0e819bb13bb81') in 0.006899 seconds 
========================================================================
Received Import Request.
  Time since last request: 324.528937 seconds.
  path: Assets/Alstra Infinite/Chests - PolyPack/Models/ChestV1.fbx
  artifactKey: Guid(389145416c3991c4fa052f7911e54332) Importer(815301076,1909f56bfc062723c751e8b465ee728b)
Start importing Assets/Alstra Infinite/Chests - PolyPack/Models/ChestV1.fbx using Guid(389145416c3991c4fa052f7911e54332) Importer(815301076,1909f56bfc062723c751e8b465ee728b)  -> (artifact id: '8d2356580883e10945bdc968a6a62ba2') in 0.065810 seconds 
========================================================================
Received Import Request.
  Time since last request: 1.899563 seconds.
  path: Assets/Alstra Infinite/Chests - PolyPack/Prefabs
  artifactKey: Guid(70027af3f222b4748aff04fa81ee9db0) Importer(815301076,1909f56bfc062723c751e8b465ee728b)
Start importing Assets/Alstra Infinite/Chests - PolyPack/Prefabs using Guid(70027af3f222b4748aff04fa81ee9db0) Importer(815301076,1909f56bfc062723c751e8b465ee728b)  -> (artifact id: 'e3b457fac076a01d59f39c1be398c75e') in 0.001966 seconds 
========================================================================
Received Import Request.
  Time since last request: 1.161348 seconds.
  path: Assets/Alstra Infinite/Chests - PolyPack/Prefabs/ChestV1.prefab
  artifactKey: Guid(07f9fbf665ac5474dbc0ac26d35d7c8c) Importer(815301076,1909f56bfc062723c751e8b465ee728b)
Start importing Assets/Alstra Infinite/Chests - PolyPack/Prefabs/ChestV1.prefab using Guid(07f9fbf665ac5474dbc0ac26d35d7c8c) Importer(815301076,1909f56bfc062723c751e8b465ee728b)  -> (artifact id: '20d3889d35193e6fbeff0cc497efab88') in 0.009035 seconds 
========================================================================
Received Import Request.
  Time since last request: 49.412737 seconds.
  path: Assets/Alstra Infinite/Chests - PolyPack/Prefabs/ChestV3_Lock.prefab
  artifactKey: Guid(e70771266301f254cacb6582f0c9ebcb) Importer(815301076,1909f56bfc062723c751e8b465ee728b)
Start importing Assets/Alstra Infinite/Chests - PolyPack/Prefabs/ChestV3_Lock.prefab using Guid(e70771266301f254cacb6582f0c9ebcb) Importer(815301076,1909f56bfc062723c751e8b465ee728b)  -> (artifact id: '9bb6d72f09005448bfff3ffeab55301a') in 0.009758 seconds 
========================================================================
Received Import Request.
  Time since last request: 1.083221 seconds.
  path: Assets/Alstra Infinite/Chests - PolyPack/Prefabs/ChestV3_Loot.prefab
  artifactKey: Guid(4ab6fa3d1fedfca4fa3ae6a2f34048bb) Importer(815301076,1909f56bfc062723c751e8b465ee728b)
Start importing Assets/Alstra Infinite/Chests - PolyPack/Prefabs/ChestV3_Loot.prefab using Guid(4ab6fa3d1fedfca4fa3ae6a2f34048bb) Importer(815301076,1909f56bfc062723c751e8b465ee728b)  -> (artifact id: '77ef769f593f90de008371c71728c7e2') in 0.009103 seconds 
========================================================================
Received Import Request.
  Time since last request: 9.744823 seconds.
  path: Assets/Alstra Infinite
  artifactKey: Guid(ec3b9a360cb666240944a2521906e0ea) Importer(815301076,1909f56bfc062723c751e8b465ee728b)
Start importing Assets/Alstra Infinite using Guid(ec3b9a360cb666240944a2521906e0ea) Importer(815301076,1909f56bfc062723c751e8b465ee728b)  -> (artifact id: 'e6e9d82a4d651ec93c86e1a748b7c6ba') in 0.002378 seconds 
========================================================================
Received Import Request.
  Time since last request: 3.369421 seconds.
  path: Assets/Low Poly Water
  artifactKey: Guid(8b8c41d886d08734cabbbf2fc123bda9) Importer(815301076,1909f56bfc062723c751e8b465ee728b)
Start importing Assets/Low Poly Water using Guid(8b8c41d886d08734cabbbf2fc123bda9) Importer(815301076,1909f56bfc062723c751e8b465ee728b)  -> (artifact id: '259a1ab185b0e260f88efb5cc946d6cb') in 0.002170 seconds 
========================================================================
Received Prepare
Registering precompiled user dll's ...
Registered in 0.001664 seconds.
Begin MonoManager ReloadAssembly
Native extension for WindowsStandalone target not found
Refreshing native plugins compatible for Editor in 0.35 ms, found 2 plugins.
Preloading 0 native plugins for Editor in 0.00 ms.
Mono: successfully reloaded assembly
- Completed reload, in  0.712 seconds
Domain Reload Profiling:
	ReloadAssembly (712ms)
		BeginReloadAssembly (87ms)
			ExecutionOrderSort (0ms)
			DisableScriptedObjects (4ms)
			BackupInstance (0ms)
			ReleaseScriptingObjects (0ms)
			CreateAndSetChildDomain (26ms)
		EndReloadAssembly (575ms)
			LoadAssemblies (69ms)
			RebuildTransferFunctionScriptingTraits (0ms)
			SetupTypeCache (206ms)
			ReleaseScriptCaches (1ms)
			RebuildScriptCaches (30ms)
			SetupLoadedEditorAssemblies (203ms)
				LogAssemblyErrors (0ms)
				InitializePlatformSupportModulesInManaged (3ms)
				SetLoadedEditorAssemblies (0ms)
				RefreshPlugins (0ms)
				BeforeProcessingInitializeOnLoad (51ms)
				ProcessInitializeOnLoadAttributes (139ms)
				ProcessInitializeOnLoadMethodAttributes (7ms)
				AfterProcessingInitializeOnLoad (2ms)
				EditorAssembliesLoaded (0ms)
			ExecutionOrderSort2 (0ms)
			AwakeInstancesAfterBackupRestoration (5ms)
Platform modules already initialized, skipping
Refreshing native plugins compatible for Editor in 0.38 ms, found 2 plugins.
Preloading 0 native plugins for Editor in 0.00 ms.
Unloading 1505 Unused Serialized files (Serialized files now loaded: 0)
System memory in use before: 87.5 MB.
System memory in use after: 87.5 MB.

Unloading 12 unused Assets to reduce memory usage. Loaded Objects now: 2043.
Total: 2.985100 ms (FindLiveObjects: 0.169100 ms CreateObjectMapping: 0.047400 ms MarkObjects: 2.658000 ms  DeleteObjects: 0.109700 ms)

AssetImportParameters requested are different than current active one (requested -> active):
  custom:framework-win-MediaFoundation: 216162199b28c13a410421893ffa2e32 -> 
  custom:video-decoder-ogg-theora: a1e56fd34408186e4bbccfd4996cb3dc -> 
  custom:container-muxer-webm: aa71ff27fc2769a1b78a27578f13a17b -> 
  custom:container-demuxer-webm: 4f35f7cbe854078d1ac9338744f61a02 -> 
  custom:container-demuxer-ogg: 62fdf1f143b41e24485cea50d1cbac27 -> 
  custom:video-encoder-webm-vp8: eb34c28f22e8b96e1ab97ce403110664 -> 
  custom:video-decoder-webm-vp8: 9c59270c3fd7afecdb556c50c9e8de78 -> 
  custom:audio-decoder-ogg-vorbis: bf7c407c2cedff20999df2af8eb42d56 -> 
  custom:audio-encoder-webm-vorbis: bf7c407c2cedff20999df2af8eb42d56 -> 
AssetImportWorkerClient::OnTransportError - code=2 error=End of file
